2023-06-14 11:11:23 [http-nio-8080-exec-2] DEBUG auth-log - JWT expired at 2023-06-01T18:13:40Z. Current time: 2023-06-14T11:11:23Z, a difference of 1097863487 milliseconds.  Allowed clock skew: 0 milliseconds.
io.jsonwebtoken.ExpiredJwtException: JWT expired at 2023-06-01T18:13:40Z. Current time: 2023-06-14T11:11:23Z, a difference of 1097863487 milliseconds.  Allowed clock skew: 0 milliseconds.
	at io.jsonwebtoken.impl.DefaultJwtParser.parse(DefaultJwtParser.java:385)
	at io.jsonwebtoken.impl.DefaultJwtParser.parse(DefaultJwtParser.java:481)
	at io.jsonwebtoken.impl.DefaultJwtParser.parseClaimsJws(DefaultJwtParser.java:541)
	at com.digdes.pms.auth.util.JwtTokenUtil.getAllClaimsFromToken(JwtTokenUtil.java:62)
	at com.digdes.pms.auth.util.JwtTokenUtil.getClaimFromToken(JwtTokenUtil.java:55)
	at com.digdes.pms.auth.util.JwtTokenUtil.getLoginFromToken(JwtTokenUtil.java:47)
	at com.digdes.pms.auth.filter.JwtRequestFilter.doFilterInternal(JwtRequestFilter.java:43)
	at org.springframework.web.filter.OncePerRequestFilter.doFilter(OncePerRequestFilter.java:117)
	at org.springframework.security.web.FilterChainProxy$VirtualFilterChain.doFilter(FilterChainProxy.java:346)
	at org.springframework.security.web.authentication.logout.LogoutFilter.doFilter(LogoutFilter.java:103)
	at org.springframework.security.web.authentication.logout.LogoutFilter.doFilter(LogoutFilter.java:89)
	at org.springframework.security.web.FilterChainProxy$VirtualFilterChain.doFilter(FilterChainProxy.java:346)
	at org.springframework.security.web.header.HeaderWriterFilter.doHeadersAfter(HeaderWriterFilter.java:90)
	at org.springframework.security.web.header.HeaderWriterFilter.doFilterInternal(HeaderWriterFilter.java:75)
	at org.springframework.web.filter.OncePerRequestFilter.doFilter(OncePerRequestFilter.java:117)
	at org.springframework.security.web.FilterChainProxy$VirtualFilterChain.doFilter(FilterChainProxy.java:346)
	at org.springframework.security.web.context.SecurityContextPersistenceFilter.doFilter(SecurityContextPersistenceFilter.java:112)
	at org.springframework.security.web.context.SecurityContextPersistenceFilter.doFilter(SecurityContextPersistenceFilter.java:82)
	at org.springframework.security.web.FilterChainProxy$VirtualFilterChain.doFilter(FilterChainProxy.java:346)
	at org.springframework.security.web.context.request.async.WebAsyncManagerIntegrationFilter.doFilterInternal(WebAsyncManagerIntegrationFilter.java:55)
	at org.springframework.web.filter.OncePerRequestFilter.doFilter(OncePerRequestFilter.java:117)
	at org.springframework.security.web.FilterChainProxy$VirtualFilterChain.doFilter(FilterChainProxy.java:346)
	at org.springframework.security.web.session.DisableEncodeUrlFilter.doFilterInternal(DisableEncodeUrlFilter.java:42)
	at org.springframework.web.filter.OncePerRequestFilter.doFilter(OncePerRequestFilter.java:117)
	at org.springframework.security.web.FilterChainProxy$VirtualFilterChain.doFilter(FilterChainProxy.java:346)
	at org.springframework.security.web.FilterChainProxy.doFilterInternal(FilterChainProxy.java:221)
	at org.springframework.security.web.FilterChainProxy.doFilter(FilterChainProxy.java:186)
	at org.springframework.web.filter.DelegatingFilterProxy.invokeDelegate(DelegatingFilterProxy.java:354)
	at org.springframework.web.filter.DelegatingFilterProxy.doFilter(DelegatingFilterProxy.java:267)
	at org.apache.catalina.core.ApplicationFilterChain.internalDoFilter(ApplicationFilterChain.java:178)
	at org.apache.catalina.core.ApplicationFilterChain.doFilter(ApplicationFilterChain.java:153)
	at org.springframework.web.filter.RequestContextFilter.doFilterInternal(RequestContextFilter.java:100)
	at org.springframework.web.filter.OncePerRequestFilter.doFilter(OncePerRequestFilter.java:117)
	at org.apache.catalina.core.ApplicationFilterChain.internalDoFilter(ApplicationFilterChain.java:178)
	at org.apache.catalina.core.ApplicationFilterChain.doFilter(ApplicationFilterChain.java:153)
	at org.springframework.web.filter.FormContentFilter.doFilterInternal(FormContentFilter.java:93)
	at org.springframework.web.filter.OncePerRequestFilter.doFilter(OncePerRequestFilter.java:117)
	at org.apache.catalina.core.ApplicationFilterChain.internalDoFilter(ApplicationFilterChain.java:178)
	at org.apache.catalina.core.ApplicationFilterChain.doFilter(ApplicationFilterChain.java:153)
	at org.springframework.web.filter.CharacterEncodingFilter.doFilterInternal(CharacterEncodingFilter.java:201)
	at org.springframework.web.filter.OncePerRequestFilter.doFilter(OncePerRequestFilter.java:117)
	at org.apache.catalina.core.ApplicationFilterChain.internalDoFilter(ApplicationFilterChain.java:178)
	at org.apache.catalina.core.ApplicationFilterChain.doFilter(ApplicationFilterChain.java:153)
	at org.apache.catalina.core.StandardWrapperValve.invoke(StandardWrapperValve.java:167)
	at org.apache.catalina.core.StandardContextValve.invoke(StandardContextValve.java:90)
	at org.apache.catalina.authenticator.AuthenticatorBase.invoke(AuthenticatorBase.java:481)
	at org.apache.catalina.core.StandardHostValve.invoke(StandardHostValve.java:130)
	at org.apache.catalina.valves.ErrorReportValve.invoke(ErrorReportValve.java:93)
	at org.apache.catalina.core.StandardEngineValve.invoke(StandardEngineValve.java:74)
	at org.apache.catalina.connector.CoyoteAdapter.service(CoyoteAdapter.java:343)
	at org.apache.coyote.http11.Http11Processor.service(Http11Processor.java:390)
	at org.apache.coyote.AbstractProcessorLight.process(AbstractProcessorLight.java:63)
	at org.apache.coyote.AbstractProtocol$ConnectionHandler.process(AbstractProtocol.java:926)
	at org.apache.tomcat.util.net.NioEndpoint$SocketProcessor.doRun(NioEndpoint.java:1791)
	at org.apache.tomcat.util.net.SocketProcessorBase.run(SocketProcessorBase.java:52)
	at org.apache.tomcat.util.threads.ThreadPoolExecutor.runWorker(ThreadPoolExecutor.java:1191)
	at org.apache.tomcat.util.threads.ThreadPoolExecutor$Worker.run(ThreadPoolExecutor.java:659)
	at org.apache.tomcat.util.threads.TaskThread$WrappingRunnable.run(TaskThread.java:61)
	at java.base/java.lang.Thread.run(Thread.java:833)
2023-06-14 11:13:16 [http-nio-8080-exec-5] DEBUG auth-log - User was loaded successfully from database with login: romanova.dina
2023-06-14 11:13:16 [http-nio-8080-exec-5] DEBUG auth-log - User was loaded successfully from database with login: romanova.dina
2023-06-14 11:13:16 [http-nio-8080-exec-5] DEBUG auth-log - Token was created successfully for user with login: romanova.dina
2023-06-14 11:13:28 [http-nio-8080-exec-6] DEBUG auth-log - Token is validated for user with login: romanova.dina
2023-06-14 11:24:09 [http-nio-8080-exec-8] DEBUG auth-log - Token is validated for user with login: romanova.dina
2023-06-14 11:24:13 [http-nio-8080-exec-10] DEBUG auth-log - Token is validated for user with login: romanova.dina
2023-06-14 11:24:16 [http-nio-8080-exec-2] DEBUG auth-log - Token is validated for user with login: romanova.dina
2023-06-14 11:24:23 [http-nio-8080-exec-1] DEBUG auth-log - Token is validated for user with login: romanova.dina
2023-06-14 11:30:43 [http-nio-8080-exec-3] DEBUG auth-log - User was loaded successfully from database with login: romanova.dina
2023-06-14 11:30:43 [http-nio-8080-exec-3] DEBUG auth-log - User was loaded successfully from database with login: romanova.dina
2023-06-14 11:30:43 [http-nio-8080-exec-3] DEBUG auth-log - Token was created successfully for user with login: romanova.dina
2023-06-14 11:30:50 [http-nio-8080-exec-4] DEBUG auth-log - Token is validated for user with login: romanova.dina
2023-06-14 11:31:20 [http-nio-8080-exec-2] DEBUG auth-log - User was loaded successfully from database with login: popova.oleg
2023-06-14 11:31:20 [http-nio-8080-exec-2] DEBUG auth-log - User was loaded successfully from database with login: popova.oleg
2023-06-14 11:31:20 [http-nio-8080-exec-2] DEBUG auth-log - Token was created successfully for user with login: popova.oleg
2023-06-14 11:31:56 [http-nio-8080-exec-5] DEBUG auth-log - User was loaded successfully from database with login: popova.oleg
2023-06-14 11:31:56 [http-nio-8080-exec-5] DEBUG auth-log - User was loaded successfully from database with login: popova.oleg
2023-06-14 11:31:56 [http-nio-8080-exec-5] DEBUG auth-log - Token was created successfully for user with login: popova.oleg
2023-06-14 11:32:06 [http-nio-8080-exec-6] DEBUG auth-log - Token is validated for user with login: popova.oleg
2023-06-14 11:32:24 [http-nio-8080-exec-7] DEBUG auth-log - User was loaded successfully from database with login: romanova.dina
2023-06-14 11:32:24 [http-nio-8080-exec-7] DEBUG auth-log - User was loaded successfully from database with login: romanova.dina
2023-06-14 11:32:24 [http-nio-8080-exec-7] DEBUG auth-log - Token was created successfully for user with login: romanova.dina
2023-06-14 11:32:38 [http-nio-8080-exec-8] DEBUG auth-log - Token is validated for user with login: romanova.dina
2023-06-14 11:32:43 [http-nio-8080-exec-9] DEBUG auth-log - Token is validated for user with login: romanova.dina
2023-06-14 11:34:07 [http-nio-8080-exec-1] DEBUG auth-log - User was loaded successfully from database with login: popova.oleg
2023-06-14 11:34:07 [http-nio-8080-exec-1] DEBUG auth-log - User was loaded successfully from database with login: popova.oleg
2023-06-14 11:34:07 [http-nio-8080-exec-1] DEBUG auth-log - Token was created successfully for user with login: popova.oleg
2023-06-14 11:34:29 [http-nio-8080-exec-3] DEBUG auth-log - Token is validated for user with login: popova.oleg
2023-06-14 11:34:45 [http-nio-8080-exec-4] DEBUG auth-log - User was loaded successfully from database with login: romanova.dina
2023-06-14 11:34:45 [http-nio-8080-exec-4] DEBUG auth-log - User was loaded successfully from database with login: romanova.dina
2023-06-14 11:34:45 [http-nio-8080-exec-4] DEBUG auth-log - Token was created successfully for user with login: romanova.dina
2023-06-14 11:34:51 [http-nio-8080-exec-5] DEBUG auth-log - Token is validated for user with login: romanova.dina
2023-06-14 11:37:58 [http-nio-8080-exec-3] DEBUG auth-log - User was loaded successfully from database with login: popova.oleg
2023-06-14 11:37:59 [http-nio-8080-exec-3] DEBUG auth-log - User was loaded successfully from database with login: popova.oleg
2023-06-14 11:37:59 [http-nio-8080-exec-3] DEBUG auth-log - Token was created successfully for user with login: popova.oleg
2023-06-14 11:38:08 [http-nio-8080-exec-1] DEBUG auth-log - Token is validated for user with login: popova.oleg
2023-06-14 11:38:18 [http-nio-8080-exec-4] DEBUG auth-log - User was loaded successfully from database with login: romanova.dina
2023-06-14 11:38:18 [http-nio-8080-exec-4] DEBUG auth-log - User was loaded successfully from database with login: romanova.dina
2023-06-14 11:38:18 [http-nio-8080-exec-4] DEBUG auth-log - Token was created successfully for user with login: romanova.dina
2023-06-14 11:38:29 [http-nio-8080-exec-5] DEBUG auth-log - Token is validated for user with login: romanova.dina
2023-06-14 11:46:00 [http-nio-8080-exec-1] DEBUG auth-log - User was loaded successfully from database with login: popova.oleg
2023-06-14 11:46:00 [http-nio-8080-exec-1] DEBUG auth-log - User was loaded successfully from database with login: popova.oleg
2023-06-14 11:46:00 [http-nio-8080-exec-1] DEBUG auth-log - Token was created successfully for user with login: popova.oleg
2023-06-14 11:46:27 [http-nio-8080-exec-3] DEBUG auth-log - Token is validated for user with login: popova.oleg
2023-06-14 11:46:37 [http-nio-8080-exec-4] DEBUG auth-log - User was loaded successfully from database with login: romanova.dina
2023-06-14 11:46:37 [http-nio-8080-exec-4] DEBUG auth-log - User was loaded successfully from database with login: romanova.dina
2023-06-14 11:46:37 [http-nio-8080-exec-4] DEBUG auth-log - Token was created successfully for user with login: romanova.dina
2023-06-14 11:46:43 [http-nio-8080-exec-5] DEBUG auth-log - Token is validated for user with login: romanova.dina
2023-06-14 11:56:27 [http-nio-8080-exec-3] DEBUG auth-log - User was loaded successfully from database with login: popova.oleg
2023-06-14 11:56:27 [http-nio-8080-exec-3] DEBUG auth-log - User was loaded successfully from database with login: popova.oleg
2023-06-14 11:56:27 [http-nio-8080-exec-3] DEBUG auth-log - Token was created successfully for user with login: popova.oleg
2023-06-14 11:56:34 [http-nio-8080-exec-2] DEBUG auth-log - Token is validated for user with login: popova.oleg
2023-06-14 11:56:46 [http-nio-8080-exec-4] DEBUG auth-log - User was loaded successfully from database with login: romanova.dina
2023-06-14 11:56:47 [http-nio-8080-exec-4] DEBUG auth-log - User was loaded successfully from database with login: romanova.dina
2023-06-14 11:56:47 [http-nio-8080-exec-4] DEBUG auth-log - Token was created successfully for user with login: romanova.dina
2023-06-14 11:56:53 [http-nio-8080-exec-5] DEBUG auth-log - Token is validated for user with login: romanova.dina
2023-06-14 12:07:45 [http-nio-8080-exec-1] DEBUG auth-log - Token is validated for user with login: romanova.dina
2023-06-14 12:07:50 [http-nio-8080-exec-3] DEBUG auth-log - Token is validated for user with login: romanova.dina
2023-06-14 12:10:50 [http-nio-8080-exec-2] DEBUG auth-log - Token is validated for user with login: romanova.dina
2023-06-14 12:12:34 [http-nio-8080-exec-1] DEBUG auth-log - Token is validated for user with login: romanova.dina
2023-06-14 12:27:00 [http-nio-8080-exec-2] DEBUG auth-log - User was loaded successfully from database with login: popova.oleg
2023-06-14 12:27:01 [http-nio-8080-exec-2] DEBUG auth-log - User was loaded successfully from database with login: popova.oleg
2023-06-14 12:27:01 [http-nio-8080-exec-2] DEBUG auth-log - Token was created successfully for user with login: popova.oleg
2023-06-14 12:27:07 [http-nio-8080-exec-3] DEBUG auth-log - Token is validated for user with login: popova.oleg
2023-06-14 12:27:38 [http-nio-8080-exec-4] DEBUG auth-log - User was loaded successfully from database with login: romanova.dina
2023-06-14 12:27:38 [http-nio-8080-exec-4] DEBUG auth-log - User was loaded successfully from database with login: romanova.dina
2023-06-14 12:27:38 [http-nio-8080-exec-4] DEBUG auth-log - Token was created successfully for user with login: romanova.dina
2023-06-14 12:27:56 [http-nio-8080-exec-5] DEBUG auth-log - Token is validated for user with login: romanova.dina
2023-06-14 12:28:01 [http-nio-8080-exec-6] DEBUG auth-log - Token is validated for user with login: romanova.dina
2023-06-14 12:28:05 [http-nio-8080-exec-8] DEBUG auth-log - Token is validated for user with login: romanova.dina
2023-06-14 12:32:35 [http-nio-8080-exec-2] DEBUG auth-log - Token is validated for user with login: romanova.dina
2023-06-14 12:55:10 [http-nio-8080-exec-4] DEBUG auth-log - Token is validated for user with login: romanova.dina
2023-06-14 12:58:05 [http-nio-8080-exec-6] DEBUG auth-log - Token is validated for user with login: romanova.dina
2023-06-14 13:00:13 [http-nio-8080-exec-9] DEBUG auth-log - Token is validated for user with login: romanova.dina
2023-06-14 13:01:46 [http-nio-8080-exec-2] DEBUG auth-log - Token is validated for user with login: romanova.dina
2023-06-14 13:10:05 [http-nio-8080-exec-3] DEBUG auth-log - JWT expired at 2023-06-13T20:56:28Z. Current time: 2023-06-14T13:10:05Z, a difference of 58417759 milliseconds.  Allowed clock skew: 0 milliseconds.
io.jsonwebtoken.ExpiredJwtException: JWT expired at 2023-06-13T20:56:28Z. Current time: 2023-06-14T13:10:05Z, a difference of 58417759 milliseconds.  Allowed clock skew: 0 milliseconds.
	at io.jsonwebtoken.impl.DefaultJwtParser.parse(DefaultJwtParser.java:385)
	at io.jsonwebtoken.impl.DefaultJwtParser.parse(DefaultJwtParser.java:481)
	at io.jsonwebtoken.impl.DefaultJwtParser.parseClaimsJws(DefaultJwtParser.java:541)
	at com.digdes.pms.auth.util.JwtTokenUtil.getAllClaimsFromToken(JwtTokenUtil.java:62)
	at com.digdes.pms.auth.util.JwtTokenUtil.getClaimFromToken(JwtTokenUtil.java:55)
	at com.digdes.pms.auth.util.JwtTokenUtil.getLoginFromToken(JwtTokenUtil.java:47)
	at com.digdes.pms.auth.filter.JwtRequestFilter.doFilterInternal(JwtRequestFilter.java:43)
	at org.springframework.web.filter.OncePerRequestFilter.doFilter(OncePerRequestFilter.java:117)
	at org.springframework.security.web.FilterChainProxy$VirtualFilterChain.doFilter(FilterChainProxy.java:346)
	at org.springframework.security.web.authentication.logout.LogoutFilter.doFilter(LogoutFilter.java:103)
	at org.springframework.security.web.authentication.logout.LogoutFilter.doFilter(LogoutFilter.java:89)
	at org.springframework.security.web.FilterChainProxy$VirtualFilterChain.doFilter(FilterChainProxy.java:346)
	at org.springframework.security.web.header.HeaderWriterFilter.doHeadersAfter(HeaderWriterFilter.java:90)
	at org.springframework.security.web.header.HeaderWriterFilter.doFilterInternal(HeaderWriterFilter.java:75)
	at org.springframework.web.filter.OncePerRequestFilter.doFilter(OncePerRequestFilter.java:117)
	at org.springframework.security.web.FilterChainProxy$VirtualFilterChain.doFilter(FilterChainProxy.java:346)
	at org.springframework.security.web.context.SecurityContextPersistenceFilter.doFilter(SecurityContextPersistenceFilter.java:112)
	at org.springframework.security.web.context.SecurityContextPersistenceFilter.doFilter(SecurityContextPersistenceFilter.java:82)
	at org.springframework.security.web.FilterChainProxy$VirtualFilterChain.doFilter(FilterChainProxy.java:346)
	at org.springframework.security.web.context.request.async.WebAsyncManagerIntegrationFilter.doFilterInternal(WebAsyncManagerIntegrationFilter.java:55)
	at org.springframework.web.filter.OncePerRequestFilter.doFilter(OncePerRequestFilter.java:117)
	at org.springframework.security.web.FilterChainProxy$VirtualFilterChain.doFilter(FilterChainProxy.java:346)
	at org.springframework.security.web.session.DisableEncodeUrlFilter.doFilterInternal(DisableEncodeUrlFilter.java:42)
	at org.springframework.web.filter.OncePerRequestFilter.doFilter(OncePerRequestFilter.java:117)
	at org.springframework.security.web.FilterChainProxy$VirtualFilterChain.doFilter(FilterChainProxy.java:346)
	at org.springframework.security.web.FilterChainProxy.doFilterInternal(FilterChainProxy.java:221)
	at org.springframework.security.web.FilterChainProxy.doFilter(FilterChainProxy.java:186)
	at org.springframework.web.filter.DelegatingFilterProxy.invokeDelegate(DelegatingFilterProxy.java:354)
	at org.springframework.web.filter.DelegatingFilterProxy.doFilter(DelegatingFilterProxy.java:267)
	at org.apache.catalina.core.ApplicationFilterChain.internalDoFilter(ApplicationFilterChain.java:178)
	at org.apache.catalina.core.ApplicationFilterChain.doFilter(ApplicationFilterChain.java:153)
	at org.springframework.web.filter.RequestContextFilter.doFilterInternal(RequestContextFilter.java:100)
	at org.springframework.web.filter.OncePerRequestFilter.doFilter(OncePerRequestFilter.java:117)
	at org.apache.catalina.core.ApplicationFilterChain.internalDoFilter(ApplicationFilterChain.java:178)
	at org.apache.catalina.core.ApplicationFilterChain.doFilter(ApplicationFilterChain.java:153)
	at org.springframework.web.filter.FormContentFilter.doFilterInternal(FormContentFilter.java:93)
	at org.springframework.web.filter.OncePerRequestFilter.doFilter(OncePerRequestFilter.java:117)
	at org.apache.catalina.core.ApplicationFilterChain.internalDoFilter(ApplicationFilterChain.java:178)
	at org.apache.catalina.core.ApplicationFilterChain.doFilter(ApplicationFilterChain.java:153)
	at org.springframework.web.filter.CharacterEncodingFilter.doFilterInternal(CharacterEncodingFilter.java:201)
	at org.springframework.web.filter.OncePerRequestFilter.doFilter(OncePerRequestFilter.java:117)
	at org.apache.catalina.core.ApplicationFilterChain.internalDoFilter(ApplicationFilterChain.java:178)
	at org.apache.catalina.core.ApplicationFilterChain.doFilter(ApplicationFilterChain.java:153)
	at org.apache.catalina.core.StandardWrapperValve.invoke(StandardWrapperValve.java:167)
	at org.apache.catalina.core.StandardContextValve.invoke(StandardContextValve.java:90)
	at org.apache.catalina.authenticator.AuthenticatorBase.invoke(AuthenticatorBase.java:481)
	at org.apache.catalina.core.StandardHostValve.invoke(StandardHostValve.java:130)
	at org.apache.catalina.valves.ErrorReportValve.invoke(ErrorReportValve.java:93)
	at org.apache.catalina.core.StandardEngineValve.invoke(StandardEngineValve.java:74)
	at org.apache.catalina.connector.CoyoteAdapter.service(CoyoteAdapter.java:343)
	at org.apache.coyote.http11.Http11Processor.service(Http11Processor.java:390)
	at org.apache.coyote.AbstractProcessorLight.process(AbstractProcessorLight.java:63)
	at org.apache.coyote.AbstractProtocol$ConnectionHandler.process(AbstractProtocol.java:926)
	at org.apache.tomcat.util.net.NioEndpoint$SocketProcessor.doRun(NioEndpoint.java:1791)
	at org.apache.tomcat.util.net.SocketProcessorBase.run(SocketProcessorBase.java:52)
	at org.apache.tomcat.util.threads.ThreadPoolExecutor.runWorker(ThreadPoolExecutor.java:1191)
	at org.apache.tomcat.util.threads.ThreadPoolExecutor$Worker.run(ThreadPoolExecutor.java:659)
	at org.apache.tomcat.util.threads.TaskThread$WrappingRunnable.run(TaskThread.java:61)
	at java.base/java.lang.Thread.run(Thread.java:833)
2023-06-14 13:10:17 [http-nio-8080-exec-5] DEBUG auth-log - User was loaded successfully from database with login: vil53
2023-06-14 13:10:17 [http-nio-8080-exec-5] DEBUG auth-log - User was loaded successfully from database with login: vil53
2023-06-14 13:10:17 [http-nio-8080-exec-5] DEBUG auth-log - Token was created successfully for user with login: vil53
2023-06-14 13:10:25 [http-nio-8080-exec-7] DEBUG auth-log - Token is validated for user with login: vil53
2023-06-14 13:10:43 [http-nio-8080-exec-6] DEBUG auth-log - User was loaded successfully from database with login: popova.oleg
2023-06-14 13:10:43 [http-nio-8080-exec-6] DEBUG auth-log - User was loaded successfully from database with login: popova.oleg
2023-06-14 13:10:43 [http-nio-8080-exec-6] DEBUG auth-log - Token was created successfully for user with login: popova.oleg
2023-06-14 13:10:50 [http-nio-8080-exec-10] DEBUG auth-log - Token is validated for user with login: popova.oleg
2023-06-14 13:10:54 [http-nio-8080-exec-8] DEBUG auth-log - Token is validated for user with login: popova.oleg
2023-06-14 13:18:06 [http-nio-8080-exec-2] DEBUG auth-log - Token is validated for user with login: popova.oleg
2023-06-14 13:18:14 [http-nio-8080-exec-4] DEBUG auth-log - Token is validated for user with login: popova.oleg
2023-06-14 13:18:36 [http-nio-8080-exec-3] DEBUG auth-log - Token is validated for user with login: popova.oleg
2023-06-14 13:18:51 [http-nio-8080-exec-5] DEBUG auth-log - Token is validated for user with login: popova.oleg
2023-06-14 13:20:58 [http-nio-8080-exec-10] DEBUG auth-log - Token is validated for user with login: popova.oleg
2023-06-14 13:45:22 [http-nio-8080-exec-1] DEBUG auth-log - JWT expired at 2023-06-01T18:13:40Z. Current time: 2023-06-14T13:45:22Z, a difference of 1107102544 milliseconds.  Allowed clock skew: 0 milliseconds.
io.jsonwebtoken.ExpiredJwtException: JWT expired at 2023-06-01T18:13:40Z. Current time: 2023-06-14T13:45:22Z, a difference of 1107102544 milliseconds.  Allowed clock skew: 0 milliseconds.
	at io.jsonwebtoken.impl.DefaultJwtParser.parse(DefaultJwtParser.java:385)
	at io.jsonwebtoken.impl.DefaultJwtParser.parse(DefaultJwtParser.java:481)
	at io.jsonwebtoken.impl.DefaultJwtParser.parseClaimsJws(DefaultJwtParser.java:541)
	at com.digdes.pms.auth.util.JwtTokenUtil.getAllClaimsFromToken(JwtTokenUtil.java:62)
	at com.digdes.pms.auth.util.JwtTokenUtil.getClaimFromToken(JwtTokenUtil.java:55)
	at com.digdes.pms.auth.util.JwtTokenUtil.getLoginFromToken(JwtTokenUtil.java:47)
	at com.digdes.pms.auth.filter.JwtRequestFilter.doFilterInternal(JwtRequestFilter.java:43)
	at org.springframework.web.filter.OncePerRequestFilter.doFilter(OncePerRequestFilter.java:117)
	at org.springframework.security.web.FilterChainProxy$VirtualFilterChain.doFilter(FilterChainProxy.java:346)
	at org.springframework.security.web.authentication.logout.LogoutFilter.doFilter(LogoutFilter.java:103)
	at org.springframework.security.web.authentication.logout.LogoutFilter.doFilter(LogoutFilter.java:89)
	at org.springframework.security.web.FilterChainProxy$VirtualFilterChain.doFilter(FilterChainProxy.java:346)
	at org.springframework.security.web.header.HeaderWriterFilter.doHeadersAfter(HeaderWriterFilter.java:90)
	at org.springframework.security.web.header.HeaderWriterFilter.doFilterInternal(HeaderWriterFilter.java:75)
	at org.springframework.web.filter.OncePerRequestFilter.doFilter(OncePerRequestFilter.java:117)
	at org.springframework.security.web.FilterChainProxy$VirtualFilterChain.doFilter(FilterChainProxy.java:346)
	at org.springframework.security.web.context.SecurityContextPersistenceFilter.doFilter(SecurityContextPersistenceFilter.java:112)
	at org.springframework.security.web.context.SecurityContextPersistenceFilter.doFilter(SecurityContextPersistenceFilter.java:82)
	at org.springframework.security.web.FilterChainProxy$VirtualFilterChain.doFilter(FilterChainProxy.java:346)
	at org.springframework.security.web.context.request.async.WebAsyncManagerIntegrationFilter.doFilterInternal(WebAsyncManagerIntegrationFilter.java:55)
	at org.springframework.web.filter.OncePerRequestFilter.doFilter(OncePerRequestFilter.java:117)
	at org.springframework.security.web.FilterChainProxy$VirtualFilterChain.doFilter(FilterChainProxy.java:346)
	at org.springframework.security.web.session.DisableEncodeUrlFilter.doFilterInternal(DisableEncodeUrlFilter.java:42)
	at org.springframework.web.filter.OncePerRequestFilter.doFilter(OncePerRequestFilter.java:117)
	at org.springframework.security.web.FilterChainProxy$VirtualFilterChain.doFilter(FilterChainProxy.java:346)
	at org.springframework.security.web.FilterChainProxy.doFilterInternal(FilterChainProxy.java:221)
	at org.springframework.security.web.FilterChainProxy.doFilter(FilterChainProxy.java:186)
	at org.springframework.web.filter.DelegatingFilterProxy.invokeDelegate(DelegatingFilterProxy.java:354)
	at org.springframework.web.filter.DelegatingFilterProxy.doFilter(DelegatingFilterProxy.java:267)
	at org.apache.catalina.core.ApplicationFilterChain.internalDoFilter(ApplicationFilterChain.java:178)
	at org.apache.catalina.core.ApplicationFilterChain.doFilter(ApplicationFilterChain.java:153)
	at org.springframework.web.filter.RequestContextFilter.doFilterInternal(RequestContextFilter.java:100)
	at org.springframework.web.filter.OncePerRequestFilter.doFilter(OncePerRequestFilter.java:117)
	at org.apache.catalina.core.ApplicationFilterChain.internalDoFilter(ApplicationFilterChain.java:178)
	at org.apache.catalina.core.ApplicationFilterChain.doFilter(ApplicationFilterChain.java:153)
	at org.springframework.web.filter.FormContentFilter.doFilterInternal(FormContentFilter.java:93)
	at org.springframework.web.filter.OncePerRequestFilter.doFilter(OncePerRequestFilter.java:117)
	at org.apache.catalina.core.ApplicationFilterChain.internalDoFilter(ApplicationFilterChain.java:178)
	at org.apache.catalina.core.ApplicationFilterChain.doFilter(ApplicationFilterChain.java:153)
	at org.springframework.web.filter.CharacterEncodingFilter.doFilterInternal(CharacterEncodingFilter.java:201)
	at org.springframework.web.filter.OncePerRequestFilter.doFilter(OncePerRequestFilter.java:117)
	at org.apache.catalina.core.ApplicationFilterChain.internalDoFilter(ApplicationFilterChain.java:178)
	at org.apache.catalina.core.ApplicationFilterChain.doFilter(ApplicationFilterChain.java:153)
	at org.apache.catalina.core.StandardWrapperValve.invoke(StandardWrapperValve.java:167)
	at org.apache.catalina.core.StandardContextValve.invoke(StandardContextValve.java:90)
	at org.apache.catalina.authenticator.AuthenticatorBase.invoke(AuthenticatorBase.java:481)
	at org.apache.catalina.core.StandardHostValve.invoke(StandardHostValve.java:130)
	at org.apache.catalina.valves.ErrorReportValve.invoke(ErrorReportValve.java:93)
	at org.apache.catalina.core.StandardEngineValve.invoke(StandardEngineValve.java:74)
	at org.apache.catalina.connector.CoyoteAdapter.service(CoyoteAdapter.java:343)
	at org.apache.coyote.http11.Http11Processor.service(Http11Processor.java:390)
	at org.apache.coyote.AbstractProcessorLight.process(AbstractProcessorLight.java:63)
	at org.apache.coyote.AbstractProtocol$ConnectionHandler.process(AbstractProtocol.java:926)
	at org.apache.tomcat.util.net.NioEndpoint$SocketProcessor.doRun(NioEndpoint.java:1791)
	at org.apache.tomcat.util.net.SocketProcessorBase.run(SocketProcessorBase.java:52)
	at org.apache.tomcat.util.threads.ThreadPoolExecutor.runWorker(ThreadPoolExecutor.java:1191)
	at org.apache.tomcat.util.threads.ThreadPoolExecutor$Worker.run(ThreadPoolExecutor.java:659)
	at org.apache.tomcat.util.threads.TaskThread$WrappingRunnable.run(TaskThread.java:61)
	at java.base/java.lang.Thread.run(Thread.java:833)
2023-06-14 13:45:36 [http-nio-8080-exec-2] DEBUG auth-log - Token is validated for user with login: popova.oleg
2023-06-14 13:47:56 [http-nio-8080-exec-7] DEBUG auth-log - Token is validated for user with login: popova.oleg
2023-06-14 13:48:04 [http-nio-8080-exec-5] DEBUG auth-log - Token is validated for user with login: popova.oleg
2023-06-14 13:54:36 [http-nio-8080-exec-8] DEBUG auth-log - Token is validated for user with login: popova.oleg
2023-06-14 14:00:11 [http-nio-8080-exec-2] DEBUG auth-log - Token is validated for user with login: popova.oleg
2023-06-14 14:00:25 [http-nio-8080-exec-4] DEBUG auth-log - Token is validated for user with login: popova.oleg
2023-06-14 14:03:39 [http-nio-8080-exec-5] DEBUG auth-log - Token is validated for user with login: popova.oleg
2023-06-14 14:04:20 [http-nio-8080-exec-6] DEBUG auth-log - Token is validated for user with login: popova.oleg
2023-06-14 14:04:35 [http-nio-8080-exec-10] DEBUG auth-log - Token is validated for user with login: popova.oleg
2023-06-14 14:04:38 [http-nio-8080-exec-8] DEBUG auth-log - Token is validated for user with login: popova.oleg
2023-06-14 14:04:44 [http-nio-8080-exec-9] DEBUG auth-log - Token is validated for user with login: popova.oleg
2023-06-14 14:05:40 [http-nio-8080-exec-1] DEBUG auth-log - Token is validated for user with login: popova.oleg
2023-06-14 14:05:52 [http-nio-8080-exec-2] DEBUG auth-log - Token is validated for user with login: popova.oleg
2023-06-14 14:05:58 [http-nio-8080-exec-4] DEBUG auth-log - Token is validated for user with login: popova.oleg
2023-06-14 14:06:15 [http-nio-8080-exec-7] DEBUG auth-log - Token is validated for user with login: popova.oleg
2023-06-14 14:07:07 [http-nio-8080-exec-5] DEBUG auth-log - Token is validated for user with login: popova.oleg
2023-06-14 14:07:24 [http-nio-8080-exec-6] DEBUG auth-log - Token is validated for user with login: popova.oleg
2023-06-14 14:08:09 [http-nio-8080-exec-8] DEBUG auth-log - Token is validated for user with login: popova.oleg
2023-06-14 14:10:33 [http-nio-8080-exec-2] DEBUG auth-log - Token is validated for user with login: popova.oleg
2023-06-14 14:10:58 [http-nio-8080-exec-4] DEBUG auth-log - User was loaded successfully from database with login: popova.oleg
2023-06-14 14:10:58 [http-nio-8080-exec-4] DEBUG auth-log - User was loaded successfully from database with login: popova.oleg
2023-06-14 14:10:58 [http-nio-8080-exec-4] DEBUG auth-log - Token was created successfully for user with login: popova.oleg
2023-06-14 14:11:13 [http-nio-8080-exec-3] DEBUG auth-log - Token is validated for user with login: popova.oleg
2023-06-14 14:11:42 [http-nio-8080-exec-7] DEBUG auth-log - Token is validated for user with login: popova.oleg
2023-06-14 14:11:45 [http-nio-8080-exec-6] DEBUG auth-log - Token is validated for user with login: popova.oleg
2023-06-14 14:11:49 [http-nio-8080-exec-8] DEBUG auth-log - Token is validated for user with login: popova.oleg
2023-06-14 14:11:58 [http-nio-8080-exec-1] DEBUG auth-log - Token is validated for user with login: popova.oleg
2023-06-14 14:16:43 [http-nio-8080-exec-3] DEBUG auth-log - Token is validated for user with login: popova.oleg
2023-06-14 14:25:21 [http-nio-8080-exec-1] DEBUG auth-log - Token is validated for user with login: popova.oleg
2023-06-14 14:25:36 [http-nio-8080-exec-3] DEBUG auth-log - Token is validated for user with login: popova.oleg
2023-06-14 14:28:03 [http-nio-8080-exec-5] DEBUG auth-log - Token is validated for user with login: popova.oleg
2023-06-14 14:28:27 [http-nio-8080-exec-7] DEBUG auth-log - Token is validated for user with login: popova.oleg
2023-06-14 14:28:32 [http-nio-8080-exec-9] DEBUG auth-log - Token is validated for user with login: popova.oleg
2023-06-14 14:28:40 [http-nio-8080-exec-2] DEBUG auth-log - Token is validated for user with login: popova.oleg
2023-06-14 14:28:46 [http-nio-8080-exec-1] DEBUG auth-log - Token is validated for user with login: popova.oleg
2023-06-14 14:28:48 [http-nio-8080-exec-4] DEBUG auth-log - Token is validated for user with login: popova.oleg
2023-06-14 14:28:52 [http-nio-8080-exec-6] DEBUG auth-log - Token is validated for user with login: popova.oleg
2023-06-14 14:30:44 [http-nio-8080-exec-8] DEBUG auth-log - Token is validated for user with login: popova.oleg
2023-06-14 14:32:46 [http-nio-8080-exec-10] DEBUG auth-log - Token is validated for user with login: popova.oleg
2023-06-14 14:41:05 [http-nio-8080-exec-1] DEBUG auth-log - Token is validated for user with login: popova.oleg
2023-06-14 14:41:12 [http-nio-8080-exec-3] DEBUG auth-log - Token is validated for user with login: popova.oleg
2023-06-14 14:41:23 [http-nio-8080-exec-5] DEBUG auth-log - Token is validated for user with login: popova.oleg
2023-06-14 14:43:18 [http-nio-8080-exec-7] DEBUG auth-log - Token is validated for user with login: popova.oleg
2023-06-14 14:44:31 [http-nio-8080-exec-9] DEBUG auth-log - Token is validated for user with login: popova.oleg
2023-06-14 15:59:58 [http-nio-8080-exec-2] DEBUG auth-log - JWT expired at 2023-06-01T18:13:40Z. Current time: 2023-06-14T15:59:58Z, a difference of 1115178732 milliseconds.  Allowed clock skew: 0 milliseconds.
io.jsonwebtoken.ExpiredJwtException: JWT expired at 2023-06-01T18:13:40Z. Current time: 2023-06-14T15:59:58Z, a difference of 1115178732 milliseconds.  Allowed clock skew: 0 milliseconds.
	at io.jsonwebtoken.impl.DefaultJwtParser.parse(DefaultJwtParser.java:385)
	at io.jsonwebtoken.impl.DefaultJwtParser.parse(DefaultJwtParser.java:481)
	at io.jsonwebtoken.impl.DefaultJwtParser.parseClaimsJws(DefaultJwtParser.java:541)
	at com.digdes.pms.auth.util.JwtTokenUtil.getAllClaimsFromToken(JwtTokenUtil.java:62)
	at com.digdes.pms.auth.util.JwtTokenUtil.getClaimFromToken(JwtTokenUtil.java:55)
	at com.digdes.pms.auth.util.JwtTokenUtil.getLoginFromToken(JwtTokenUtil.java:47)
	at com.digdes.pms.auth.filter.JwtRequestFilter.doFilterInternal(JwtRequestFilter.java:43)
	at org.springframework.web.filter.OncePerRequestFilter.doFilter(OncePerRequestFilter.java:117)
	at org.springframework.security.web.FilterChainProxy$VirtualFilterChain.doFilter(FilterChainProxy.java:346)
	at org.springframework.security.web.authentication.logout.LogoutFilter.doFilter(LogoutFilter.java:103)
	at org.springframework.security.web.authentication.logout.LogoutFilter.doFilter(LogoutFilter.java:89)
	at org.springframework.security.web.FilterChainProxy$VirtualFilterChain.doFilter(FilterChainProxy.java:346)
	at org.springframework.security.web.header.HeaderWriterFilter.doHeadersAfter(HeaderWriterFilter.java:90)
	at org.springframework.security.web.header.HeaderWriterFilter.doFilterInternal(HeaderWriterFilter.java:75)
	at org.springframework.web.filter.OncePerRequestFilter.doFilter(OncePerRequestFilter.java:117)
	at org.springframework.security.web.FilterChainProxy$VirtualFilterChain.doFilter(FilterChainProxy.java:346)
	at org.springframework.security.web.context.SecurityContextPersistenceFilter.doFilter(SecurityContextPersistenceFilter.java:112)
	at org.springframework.security.web.context.SecurityContextPersistenceFilter.doFilter(SecurityContextPersistenceFilter.java:82)
	at org.springframework.security.web.FilterChainProxy$VirtualFilterChain.doFilter(FilterChainProxy.java:346)
	at org.springframework.security.web.context.request.async.WebAsyncManagerIntegrationFilter.doFilterInternal(WebAsyncManagerIntegrationFilter.java:55)
	at org.springframework.web.filter.OncePerRequestFilter.doFilter(OncePerRequestFilter.java:117)
	at org.springframework.security.web.FilterChainProxy$VirtualFilterChain.doFilter(FilterChainProxy.java:346)
	at org.springframework.security.web.session.DisableEncodeUrlFilter.doFilterInternal(DisableEncodeUrlFilter.java:42)
	at org.springframework.web.filter.OncePerRequestFilter.doFilter(OncePerRequestFilter.java:117)
	at org.springframework.security.web.FilterChainProxy$VirtualFilterChain.doFilter(FilterChainProxy.java:346)
	at org.springframework.security.web.FilterChainProxy.doFilterInternal(FilterChainProxy.java:221)
	at org.springframework.security.web.FilterChainProxy.doFilter(FilterChainProxy.java:186)
	at org.springframework.web.filter.DelegatingFilterProxy.invokeDelegate(DelegatingFilterProxy.java:354)
	at org.springframework.web.filter.DelegatingFilterProxy.doFilter(DelegatingFilterProxy.java:267)
	at org.apache.catalina.core.ApplicationFilterChain.internalDoFilter(ApplicationFilterChain.java:178)
	at org.apache.catalina.core.ApplicationFilterChain.doFilter(ApplicationFilterChain.java:153)
	at org.springframework.web.filter.RequestContextFilter.doFilterInternal(RequestContextFilter.java:100)
	at org.springframework.web.filter.OncePerRequestFilter.doFilter(OncePerRequestFilter.java:117)
	at org.apache.catalina.core.ApplicationFilterChain.internalDoFilter(ApplicationFilterChain.java:178)
	at org.apache.catalina.core.ApplicationFilterChain.doFilter(ApplicationFilterChain.java:153)
	at org.springframework.web.filter.FormContentFilter.doFilterInternal(FormContentFilter.java:93)
	at org.springframework.web.filter.OncePerRequestFilter.doFilter(OncePerRequestFilter.java:117)
	at org.apache.catalina.core.ApplicationFilterChain.internalDoFilter(ApplicationFilterChain.java:178)
	at org.apache.catalina.core.ApplicationFilterChain.doFilter(ApplicationFilterChain.java:153)
	at org.springframework.web.filter.CharacterEncodingFilter.doFilterInternal(CharacterEncodingFilter.java:201)
	at org.springframework.web.filter.OncePerRequestFilter.doFilter(OncePerRequestFilter.java:117)
	at org.apache.catalina.core.ApplicationFilterChain.internalDoFilter(ApplicationFilterChain.java:178)
	at org.apache.catalina.core.ApplicationFilterChain.doFilter(ApplicationFilterChain.java:153)
	at org.apache.catalina.core.StandardWrapperValve.invoke(StandardWrapperValve.java:167)
	at org.apache.catalina.core.StandardContextValve.invoke(StandardContextValve.java:90)
	at org.apache.catalina.authenticator.AuthenticatorBase.invoke(AuthenticatorBase.java:481)
	at org.apache.catalina.core.StandardHostValve.invoke(StandardHostValve.java:130)
	at org.apache.catalina.valves.ErrorReportValve.invoke(ErrorReportValve.java:93)
	at org.apache.catalina.core.StandardEngineValve.invoke(StandardEngineValve.java:74)
	at org.apache.catalina.connector.CoyoteAdapter.service(CoyoteAdapter.java:343)
	at org.apache.coyote.http11.Http11Processor.service(Http11Processor.java:390)
	at org.apache.coyote.AbstractProcessorLight.process(AbstractProcessorLight.java:63)
	at org.apache.coyote.AbstractProtocol$ConnectionHandler.process(AbstractProtocol.java:926)
	at org.apache.tomcat.util.net.NioEndpoint$SocketProcessor.doRun(NioEndpoint.java:1791)
	at org.apache.tomcat.util.net.SocketProcessorBase.run(SocketProcessorBase.java:52)
	at org.apache.tomcat.util.threads.ThreadPoolExecutor.runWorker(ThreadPoolExecutor.java:1191)
	at org.apache.tomcat.util.threads.ThreadPoolExecutor$Worker.run(ThreadPoolExecutor.java:659)
	at org.apache.tomcat.util.threads.TaskThread$WrappingRunnable.run(TaskThread.java:61)
	at java.base/java.lang.Thread.run(Thread.java:833)
2023-06-14 16:00:03 [http-nio-8080-exec-3] DEBUG auth-log - User was loaded successfully from database with login: popova.oleg
2023-06-14 16:00:04 [http-nio-8080-exec-3] DEBUG auth-log - User was loaded successfully from database with login: popova.oleg
2023-06-14 16:00:04 [http-nio-8080-exec-3] DEBUG auth-log - Token was created successfully for user with login: popova.oleg
2023-06-14 16:00:14 [http-nio-8080-exec-4] DEBUG auth-log - Token is validated for user with login: popova.oleg
2023-06-14 16:00:34 [http-nio-8080-exec-6] DEBUG auth-log - Token is validated for user with login: popova.oleg
2023-06-14 16:00:39 [http-nio-8080-exec-8] DEBUG auth-log - Token is validated for user with login: popova.oleg
2023-06-14 16:00:45 [http-nio-8080-exec-10] DEBUG auth-log - Token is validated for user with login: popova.oleg
2023-06-14 16:01:10 [http-nio-8080-exec-2] DEBUG auth-log - User was loaded successfully from database with login: vil53
2023-06-14 16:01:10 [http-nio-8080-exec-2] DEBUG auth-log - User was loaded successfully from database with login: vil53
2023-06-14 16:01:10 [http-nio-8080-exec-2] DEBUG auth-log - Token was created successfully for user with login: vil53
2023-06-14 16:01:18 [http-nio-8080-exec-3] DEBUG auth-log - Token is validated for user with login: vil53
2023-06-14 16:01:27 [http-nio-8080-exec-4] DEBUG auth-log - User was loaded successfully from database with login: popova.oleg
2023-06-14 16:01:27 [http-nio-8080-exec-4] DEBUG auth-log - User was loaded successfully from database with login: popova.oleg
2023-06-14 16:01:27 [http-nio-8080-exec-4] DEBUG auth-log - Token was created successfully for user with login: popova.oleg
2023-06-14 16:01:35 [http-nio-8080-exec-5] DEBUG auth-log - Token is validated for user with login: popova.oleg
2023-06-14 16:02:36 [http-nio-8080-exec-6] DEBUG auth-log - Token is validated for user with login: popova.oleg
2023-06-14 16:02:43 [http-nio-8080-exec-9] DEBUG auth-log - Token is validated for user with login: popova.oleg
2023-06-14 16:05:00 [http-nio-8080-exec-1] DEBUG auth-log - Token is validated for user with login: popova.oleg
2023-06-14 16:27:53 [http-nio-8080-exec-5] DEBUG auth-log - Token is validated for user with login: popova.oleg
2023-06-14 16:27:57 [http-nio-8080-exec-7] DEBUG auth-log - Token is validated for user with login: popova.oleg
2023-06-14 16:28:53 [http-nio-8080-exec-9] DEBUG auth-log - Token is validated for user with login: popova.oleg
2023-06-14 16:31:54 [http-nio-8080-exec-2] DEBUG auth-log - Token is validated for user with login: popova.oleg
2023-06-14 16:32:22 [http-nio-8080-exec-3] DEBUG auth-log - Token is validated for user with login: popova.oleg
2023-06-14 16:34:48 [http-nio-8080-exec-1] DEBUG auth-log - Token is validated for user with login: popova.oleg
2023-06-14 16:34:57 [http-nio-8080-exec-4] DEBUG auth-log - Token is validated for user with login: popova.oleg
2023-06-14 16:35:02 [http-nio-8080-exec-5] DEBUG auth-log - Token is validated for user with login: popova.oleg
2023-06-14 16:37:25 [http-nio-8080-exec-2] DEBUG auth-log - Token is validated for user with login: popova.oleg
2023-06-14 16:37:30 [http-nio-8080-exec-3] DEBUG auth-log - Token is validated for user with login: popova.oleg
2023-06-14 16:38:31 [http-nio-8080-exec-2] DEBUG auth-log - Token is validated for user with login: popova.oleg
2023-06-14 16:38:34 [http-nio-8080-exec-3] DEBUG auth-log - Token is validated for user with login: popova.oleg
2023-06-14 16:39:33 [http-nio-8080-exec-2] DEBUG auth-log - Token is validated for user with login: popova.oleg
2023-06-14 16:39:35 [http-nio-8080-exec-3] DEBUG auth-log - Token is validated for user with login: popova.oleg
2023-06-14 16:48:54 [http-nio-8080-exec-2] DEBUG auth-log - Token is validated for user with login: popova.oleg
2023-06-14 16:51:52 [http-nio-8080-exec-4] DEBUG auth-log - Token is validated for user with login: popova.oleg
2023-06-14 16:55:39 [http-nio-8080-exec-6] DEBUG auth-log - Token is validated for user with login: popova.oleg
2023-06-14 16:56:01 [http-nio-8080-exec-8] DEBUG auth-log - Token is validated for user with login: popova.oleg
2023-06-14 16:56:04 [http-nio-8080-exec-9] DEBUG auth-log - Token is validated for user with login: popova.oleg
2023-06-14 16:56:10 [http-nio-8080-exec-10] DEBUG auth-log - Token is validated for user with login: popova.oleg
2023-06-14 16:56:56 [http-nio-8080-exec-1] DEBUG auth-log - Token is validated for user with login: popova.oleg
2023-06-14 16:56:59 [http-nio-8080-exec-2] DEBUG auth-log - Token is validated for user with login: popova.oleg
2023-06-14 17:00:36 [http-nio-8080-exec-2] DEBUG auth-log - Token is validated for user with login: popova.oleg
2023-06-14 17:00:40 [http-nio-8080-exec-4] DEBUG auth-log - Token is validated for user with login: popova.oleg
2023-06-14 17:00:41 [http-nio-8080-exec-6] DEBUG auth-log - Token is validated for user with login: popova.oleg
2023-06-14 17:00:42 [http-nio-8080-exec-8] DEBUG auth-log - Token is validated for user with login: popova.oleg
2023-06-14 17:00:43 [http-nio-8080-exec-10] DEBUG auth-log - Token is validated for user with login: popova.oleg
2023-06-14 17:06:00 [http-nio-8080-exec-2] DEBUG auth-log - JWT expired at 2023-06-01T18:13:40Z. Current time: 2023-06-14T17:06:00Z, a difference of 1119140558 milliseconds.  Allowed clock skew: 0 milliseconds.
io.jsonwebtoken.ExpiredJwtException: JWT expired at 2023-06-01T18:13:40Z. Current time: 2023-06-14T17:06:00Z, a difference of 1119140558 milliseconds.  Allowed clock skew: 0 milliseconds.
	at io.jsonwebtoken.impl.DefaultJwtParser.parse(DefaultJwtParser.java:385)
	at io.jsonwebtoken.impl.DefaultJwtParser.parse(DefaultJwtParser.java:481)
	at io.jsonwebtoken.impl.DefaultJwtParser.parseClaimsJws(DefaultJwtParser.java:541)
	at com.digdes.pms.auth.util.JwtTokenUtil.getAllClaimsFromToken(JwtTokenUtil.java:62)
	at com.digdes.pms.auth.util.JwtTokenUtil.getClaimFromToken(JwtTokenUtil.java:55)
	at com.digdes.pms.auth.util.JwtTokenUtil.getLoginFromToken(JwtTokenUtil.java:47)
	at com.digdes.pms.auth.filter.JwtRequestFilter.doFilterInternal(JwtRequestFilter.java:43)
	at org.springframework.web.filter.OncePerRequestFilter.doFilter(OncePerRequestFilter.java:117)
	at org.springframework.security.web.FilterChainProxy$VirtualFilterChain.doFilter(FilterChainProxy.java:346)
	at org.springframework.security.web.authentication.logout.LogoutFilter.doFilter(LogoutFilter.java:103)
	at org.springframework.security.web.authentication.logout.LogoutFilter.doFilter(LogoutFilter.java:89)
	at org.springframework.security.web.FilterChainProxy$VirtualFilterChain.doFilter(FilterChainProxy.java:346)
	at org.springframework.security.web.header.HeaderWriterFilter.doHeadersAfter(HeaderWriterFilter.java:90)
	at org.springframework.security.web.header.HeaderWriterFilter.doFilterInternal(HeaderWriterFilter.java:75)
	at org.springframework.web.filter.OncePerRequestFilter.doFilter(OncePerRequestFilter.java:117)
	at org.springframework.security.web.FilterChainProxy$VirtualFilterChain.doFilter(FilterChainProxy.java:346)
	at org.springframework.security.web.context.SecurityContextPersistenceFilter.doFilter(SecurityContextPersistenceFilter.java:112)
	at org.springframework.security.web.context.SecurityContextPersistenceFilter.doFilter(SecurityContextPersistenceFilter.java:82)
	at org.springframework.security.web.FilterChainProxy$VirtualFilterChain.doFilter(FilterChainProxy.java:346)
	at org.springframework.security.web.context.request.async.WebAsyncManagerIntegrationFilter.doFilterInternal(WebAsyncManagerIntegrationFilter.java:55)
	at org.springframework.web.filter.OncePerRequestFilter.doFilter(OncePerRequestFilter.java:117)
	at org.springframework.security.web.FilterChainProxy$VirtualFilterChain.doFilter(FilterChainProxy.java:346)
	at org.springframework.security.web.session.DisableEncodeUrlFilter.doFilterInternal(DisableEncodeUrlFilter.java:42)
	at org.springframework.web.filter.OncePerRequestFilter.doFilter(OncePerRequestFilter.java:117)
	at org.springframework.security.web.FilterChainProxy$VirtualFilterChain.doFilter(FilterChainProxy.java:346)
	at org.springframework.security.web.FilterChainProxy.doFilterInternal(FilterChainProxy.java:221)
	at org.springframework.security.web.FilterChainProxy.doFilter(FilterChainProxy.java:186)
	at org.springframework.web.filter.DelegatingFilterProxy.invokeDelegate(DelegatingFilterProxy.java:354)
	at org.springframework.web.filter.DelegatingFilterProxy.doFilter(DelegatingFilterProxy.java:267)
	at org.apache.catalina.core.ApplicationFilterChain.internalDoFilter(ApplicationFilterChain.java:178)
	at org.apache.catalina.core.ApplicationFilterChain.doFilter(ApplicationFilterChain.java:153)
	at org.springframework.web.filter.RequestContextFilter.doFilterInternal(RequestContextFilter.java:100)
	at org.springframework.web.filter.OncePerRequestFilter.doFilter(OncePerRequestFilter.java:117)
	at org.apache.catalina.core.ApplicationFilterChain.internalDoFilter(ApplicationFilterChain.java:178)
	at org.apache.catalina.core.ApplicationFilterChain.doFilter(ApplicationFilterChain.java:153)
	at org.springframework.web.filter.FormContentFilter.doFilterInternal(FormContentFilter.java:93)
	at org.springframework.web.filter.OncePerRequestFilter.doFilter(OncePerRequestFilter.java:117)
	at org.apache.catalina.core.ApplicationFilterChain.internalDoFilter(ApplicationFilterChain.java:178)
	at org.apache.catalina.core.ApplicationFilterChain.doFilter(ApplicationFilterChain.java:153)
	at org.springframework.web.filter.CharacterEncodingFilter.doFilterInternal(CharacterEncodingFilter.java:201)
	at org.springframework.web.filter.OncePerRequestFilter.doFilter(OncePerRequestFilter.java:117)
	at org.apache.catalina.core.ApplicationFilterChain.internalDoFilter(ApplicationFilterChain.java:178)
	at org.apache.catalina.core.ApplicationFilterChain.doFilter(ApplicationFilterChain.java:153)
	at org.apache.catalina.core.StandardWrapperValve.invoke(StandardWrapperValve.java:167)
	at org.apache.catalina.core.StandardContextValve.invoke(StandardContextValve.java:90)
	at org.apache.catalina.authenticator.AuthenticatorBase.invoke(AuthenticatorBase.java:481)
	at org.apache.catalina.core.StandardHostValve.invoke(StandardHostValve.java:130)
	at org.apache.catalina.valves.ErrorReportValve.invoke(ErrorReportValve.java:93)
	at org.apache.catalina.core.StandardEngineValve.invoke(StandardEngineValve.java:74)
	at org.apache.catalina.connector.CoyoteAdapter.service(CoyoteAdapter.java:343)
	at org.apache.coyote.http11.Http11Processor.service(Http11Processor.java:390)
	at org.apache.coyote.AbstractProcessorLight.process(AbstractProcessorLight.java:63)
	at org.apache.coyote.AbstractProtocol$ConnectionHandler.process(AbstractProtocol.java:926)
	at org.apache.tomcat.util.net.NioEndpoint$SocketProcessor.doRun(NioEndpoint.java:1791)
	at org.apache.tomcat.util.net.SocketProcessorBase.run(SocketProcessorBase.java:52)
	at org.apache.tomcat.util.threads.ThreadPoolExecutor.runWorker(ThreadPoolExecutor.java:1191)
	at org.apache.tomcat.util.threads.ThreadPoolExecutor$Worker.run(ThreadPoolExecutor.java:659)
	at org.apache.tomcat.util.threads.TaskThread$WrappingRunnable.run(TaskThread.java:61)
	at java.base/java.lang.Thread.run(Thread.java:833)
2023-06-14 17:06:10 [http-nio-8080-exec-3] DEBUG auth-log - JWT expired at 2023-06-14T17:01:27Z. Current time: 2023-06-14T17:06:10Z, a difference of 283067 milliseconds.  Allowed clock skew: 0 milliseconds.
io.jsonwebtoken.ExpiredJwtException: JWT expired at 2023-06-14T17:01:27Z. Current time: 2023-06-14T17:06:10Z, a difference of 283067 milliseconds.  Allowed clock skew: 0 milliseconds.
	at io.jsonwebtoken.impl.DefaultJwtParser.parse(DefaultJwtParser.java:385)
	at io.jsonwebtoken.impl.DefaultJwtParser.parse(DefaultJwtParser.java:481)
	at io.jsonwebtoken.impl.DefaultJwtParser.parseClaimsJws(DefaultJwtParser.java:541)
	at com.digdes.pms.auth.util.JwtTokenUtil.getAllClaimsFromToken(JwtTokenUtil.java:62)
	at com.digdes.pms.auth.util.JwtTokenUtil.getClaimFromToken(JwtTokenUtil.java:55)
	at com.digdes.pms.auth.util.JwtTokenUtil.getLoginFromToken(JwtTokenUtil.java:47)
	at com.digdes.pms.auth.filter.JwtRequestFilter.doFilterInternal(JwtRequestFilter.java:43)
	at org.springframework.web.filter.OncePerRequestFilter.doFilter(OncePerRequestFilter.java:117)
	at org.springframework.security.web.FilterChainProxy$VirtualFilterChain.doFilter(FilterChainProxy.java:346)
	at org.springframework.security.web.authentication.logout.LogoutFilter.doFilter(LogoutFilter.java:103)
	at org.springframework.security.web.authentication.logout.LogoutFilter.doFilter(LogoutFilter.java:89)
	at org.springframework.security.web.FilterChainProxy$VirtualFilterChain.doFilter(FilterChainProxy.java:346)
	at org.springframework.security.web.header.HeaderWriterFilter.doHeadersAfter(HeaderWriterFilter.java:90)
	at org.springframework.security.web.header.HeaderWriterFilter.doFilterInternal(HeaderWriterFilter.java:75)
	at org.springframework.web.filter.OncePerRequestFilter.doFilter(OncePerRequestFilter.java:117)
	at org.springframework.security.web.FilterChainProxy$VirtualFilterChain.doFilter(FilterChainProxy.java:346)
	at org.springframework.security.web.context.SecurityContextPersistenceFilter.doFilter(SecurityContextPersistenceFilter.java:112)
	at org.springframework.security.web.context.SecurityContextPersistenceFilter.doFilter(SecurityContextPersistenceFilter.java:82)
	at org.springframework.security.web.FilterChainProxy$VirtualFilterChain.doFilter(FilterChainProxy.java:346)
	at org.springframework.security.web.context.request.async.WebAsyncManagerIntegrationFilter.doFilterInternal(WebAsyncManagerIntegrationFilter.java:55)
	at org.springframework.web.filter.OncePerRequestFilter.doFilter(OncePerRequestFilter.java:117)
	at org.springframework.security.web.FilterChainProxy$VirtualFilterChain.doFilter(FilterChainProxy.java:346)
	at org.springframework.security.web.session.DisableEncodeUrlFilter.doFilterInternal(DisableEncodeUrlFilter.java:42)
	at org.springframework.web.filter.OncePerRequestFilter.doFilter(OncePerRequestFilter.java:117)
	at org.springframework.security.web.FilterChainProxy$VirtualFilterChain.doFilter(FilterChainProxy.java:346)
	at org.springframework.security.web.FilterChainProxy.doFilterInternal(FilterChainProxy.java:221)
	at org.springframework.security.web.FilterChainProxy.doFilter(FilterChainProxy.java:186)
	at org.springframework.web.filter.DelegatingFilterProxy.invokeDelegate(DelegatingFilterProxy.java:354)
	at org.springframework.web.filter.DelegatingFilterProxy.doFilter(DelegatingFilterProxy.java:267)
	at org.apache.catalina.core.ApplicationFilterChain.internalDoFilter(ApplicationFilterChain.java:178)
	at org.apache.catalina.core.ApplicationFilterChain.doFilter(ApplicationFilterChain.java:153)
	at org.springframework.web.filter.RequestContextFilter.doFilterInternal(RequestContextFilter.java:100)
	at org.springframework.web.filter.OncePerRequestFilter.doFilter(OncePerRequestFilter.java:117)
	at org.apache.catalina.core.ApplicationFilterChain.internalDoFilter(ApplicationFilterChain.java:178)
	at org.apache.catalina.core.ApplicationFilterChain.doFilter(ApplicationFilterChain.java:153)
	at org.springframework.web.filter.FormContentFilter.doFilterInternal(FormContentFilter.java:93)
	at org.springframework.web.filter.OncePerRequestFilter.doFilter(OncePerRequestFilter.java:117)
	at org.apache.catalina.core.ApplicationFilterChain.internalDoFilter(ApplicationFilterChain.java:178)
	at org.apache.catalina.core.ApplicationFilterChain.doFilter(ApplicationFilterChain.java:153)
	at org.springframework.web.filter.CharacterEncodingFilter.doFilterInternal(CharacterEncodingFilter.java:201)
	at org.springframework.web.filter.OncePerRequestFilter.doFilter(OncePerRequestFilter.java:117)
	at org.apache.catalina.core.ApplicationFilterChain.internalDoFilter(ApplicationFilterChain.java:178)
	at org.apache.catalina.core.ApplicationFilterChain.doFilter(ApplicationFilterChain.java:153)
	at org.apache.catalina.core.StandardWrapperValve.invoke(StandardWrapperValve.java:167)
	at org.apache.catalina.core.StandardContextValve.invoke(StandardContextValve.java:90)
	at org.apache.catalina.authenticator.AuthenticatorBase.invoke(AuthenticatorBase.java:481)
	at org.apache.catalina.core.StandardHostValve.invoke(StandardHostValve.java:130)
	at org.apache.catalina.valves.ErrorReportValve.invoke(ErrorReportValve.java:93)
	at org.apache.catalina.core.StandardEngineValve.invoke(StandardEngineValve.java:74)
	at org.apache.catalina.connector.CoyoteAdapter.service(CoyoteAdapter.java:343)
	at org.apache.coyote.http11.Http11Processor.service(Http11Processor.java:390)
	at org.apache.coyote.AbstractProcessorLight.process(AbstractProcessorLight.java:63)
	at org.apache.coyote.AbstractProtocol$ConnectionHandler.process(AbstractProtocol.java:926)
	at org.apache.tomcat.util.net.NioEndpoint$SocketProcessor.doRun(NioEndpoint.java:1791)
	at org.apache.tomcat.util.net.SocketProcessorBase.run(SocketProcessorBase.java:52)
	at org.apache.tomcat.util.threads.ThreadPoolExecutor.runWorker(ThreadPoolExecutor.java:1191)
	at org.apache.tomcat.util.threads.ThreadPoolExecutor$Worker.run(ThreadPoolExecutor.java:659)
	at org.apache.tomcat.util.threads.TaskThread$WrappingRunnable.run(TaskThread.java:61)
	at java.base/java.lang.Thread.run(Thread.java:833)
2023-06-14 17:06:14 [http-nio-8080-exec-4] DEBUG auth-log - User was loaded successfully from database with login: popova.oleg
2023-06-14 17:06:14 [http-nio-8080-exec-4] DEBUG auth-log - User was loaded successfully from database with login: popova.oleg
2023-06-14 17:06:14 [http-nio-8080-exec-4] DEBUG auth-log - Token was created successfully for user with login: popova.oleg
2023-06-14 17:06:24 [http-nio-8080-exec-5] DEBUG auth-log - Token is validated for user with login: popova.oleg
2023-06-14 17:06:33 [http-nio-8080-exec-7] DEBUG auth-log - Token is validated for user with login: popova.oleg
2023-06-14 17:06:48 [http-nio-8080-exec-8] DEBUG auth-log - Token is validated for user with login: popova.oleg
2023-06-14 17:06:56 [http-nio-8080-exec-9] DEBUG auth-log - Token is validated for user with login: popova.oleg
2023-06-14 17:06:56 [http-nio-8080-exec-10] DEBUG auth-log - Token is validated for user with login: popova.oleg
2023-06-14 17:06:57 [http-nio-8080-exec-1] DEBUG auth-log - Token is validated for user with login: popova.oleg
2023-06-14 17:10:56 [http-nio-8080-exec-2] DEBUG auth-log - Token is validated for user with login: popova.oleg
2023-06-14 17:14:22 [http-nio-8080-exec-1] DEBUG auth-log - JWT expired at 2023-06-14T17:01:27Z. Current time: 2023-06-14T17:14:22Z, a difference of 775293 milliseconds.  Allowed clock skew: 0 milliseconds.
io.jsonwebtoken.ExpiredJwtException: JWT expired at 2023-06-14T17:01:27Z. Current time: 2023-06-14T17:14:22Z, a difference of 775293 milliseconds.  Allowed clock skew: 0 milliseconds.
	at io.jsonwebtoken.impl.DefaultJwtParser.parse(DefaultJwtParser.java:385)
	at io.jsonwebtoken.impl.DefaultJwtParser.parse(DefaultJwtParser.java:481)
	at io.jsonwebtoken.impl.DefaultJwtParser.parseClaimsJws(DefaultJwtParser.java:541)
	at com.digdes.pms.auth.util.JwtTokenUtil.getAllClaimsFromToken(JwtTokenUtil.java:62)
	at com.digdes.pms.auth.util.JwtTokenUtil.getClaimFromToken(JwtTokenUtil.java:55)
	at com.digdes.pms.auth.util.JwtTokenUtil.getLoginFromToken(JwtTokenUtil.java:47)
	at com.digdes.pms.auth.filter.JwtRequestFilter.doFilterInternal(JwtRequestFilter.java:43)
	at org.springframework.web.filter.OncePerRequestFilter.doFilter(OncePerRequestFilter.java:117)
	at org.springframework.security.web.FilterChainProxy$VirtualFilterChain.doFilter(FilterChainProxy.java:346)
	at org.springframework.security.web.authentication.logout.LogoutFilter.doFilter(LogoutFilter.java:103)
	at org.springframework.security.web.authentication.logout.LogoutFilter.doFilter(LogoutFilter.java:89)
	at org.springframework.security.web.FilterChainProxy$VirtualFilterChain.doFilter(FilterChainProxy.java:346)
	at org.springframework.security.web.header.HeaderWriterFilter.doHeadersAfter(HeaderWriterFilter.java:90)
	at org.springframework.security.web.header.HeaderWriterFilter.doFilterInternal(HeaderWriterFilter.java:75)
	at org.springframework.web.filter.OncePerRequestFilter.doFilter(OncePerRequestFilter.java:117)
	at org.springframework.security.web.FilterChainProxy$VirtualFilterChain.doFilter(FilterChainProxy.java:346)
	at org.springframework.security.web.context.SecurityContextPersistenceFilter.doFilter(SecurityContextPersistenceFilter.java:112)
	at org.springframework.security.web.context.SecurityContextPersistenceFilter.doFilter(SecurityContextPersistenceFilter.java:82)
	at org.springframework.security.web.FilterChainProxy$VirtualFilterChain.doFilter(FilterChainProxy.java:346)
	at org.springframework.security.web.context.request.async.WebAsyncManagerIntegrationFilter.doFilterInternal(WebAsyncManagerIntegrationFilter.java:55)
	at org.springframework.web.filter.OncePerRequestFilter.doFilter(OncePerRequestFilter.java:117)
	at org.springframework.security.web.FilterChainProxy$VirtualFilterChain.doFilter(FilterChainProxy.java:346)
	at org.springframework.security.web.session.DisableEncodeUrlFilter.doFilterInternal(DisableEncodeUrlFilter.java:42)
	at org.springframework.web.filter.OncePerRequestFilter.doFilter(OncePerRequestFilter.java:117)
	at org.springframework.security.web.FilterChainProxy$VirtualFilterChain.doFilter(FilterChainProxy.java:346)
	at org.springframework.security.web.FilterChainProxy.doFilterInternal(FilterChainProxy.java:221)
	at org.springframework.security.web.FilterChainProxy.doFilter(FilterChainProxy.java:186)
	at org.springframework.web.filter.DelegatingFilterProxy.invokeDelegate(DelegatingFilterProxy.java:354)
	at org.springframework.web.filter.DelegatingFilterProxy.doFilter(DelegatingFilterProxy.java:267)
	at org.apache.catalina.core.ApplicationFilterChain.internalDoFilter(ApplicationFilterChain.java:178)
	at org.apache.catalina.core.ApplicationFilterChain.doFilter(ApplicationFilterChain.java:153)
	at org.springframework.web.filter.RequestContextFilter.doFilterInternal(RequestContextFilter.java:100)
	at org.springframework.web.filter.OncePerRequestFilter.doFilter(OncePerRequestFilter.java:117)
	at org.apache.catalina.core.ApplicationFilterChain.internalDoFilter(ApplicationFilterChain.java:178)
	at org.apache.catalina.core.ApplicationFilterChain.doFilter(ApplicationFilterChain.java:153)
	at org.springframework.web.filter.FormContentFilter.doFilterInternal(FormContentFilter.java:93)
	at org.springframework.web.filter.OncePerRequestFilter.doFilter(OncePerRequestFilter.java:117)
	at org.apache.catalina.core.ApplicationFilterChain.internalDoFilter(ApplicationFilterChain.java:178)
	at org.apache.catalina.core.ApplicationFilterChain.doFilter(ApplicationFilterChain.java:153)
	at org.springframework.web.filter.CharacterEncodingFilter.doFilterInternal(CharacterEncodingFilter.java:201)
	at org.springframework.web.filter.OncePerRequestFilter.doFilter(OncePerRequestFilter.java:117)
	at org.apache.catalina.core.ApplicationFilterChain.internalDoFilter(ApplicationFilterChain.java:178)
	at org.apache.catalina.core.ApplicationFilterChain.doFilter(ApplicationFilterChain.java:153)
	at org.apache.catalina.core.StandardWrapperValve.invoke(StandardWrapperValve.java:167)
	at org.apache.catalina.core.StandardContextValve.invoke(StandardContextValve.java:90)
	at org.apache.catalina.authenticator.AuthenticatorBase.invoke(AuthenticatorBase.java:481)
	at org.apache.catalina.core.StandardHostValve.invoke(StandardHostValve.java:130)
	at org.apache.catalina.valves.ErrorReportValve.invoke(ErrorReportValve.java:93)
	at org.apache.catalina.core.StandardEngineValve.invoke(StandardEngineValve.java:74)
	at org.apache.catalina.connector.CoyoteAdapter.service(CoyoteAdapter.java:343)
	at org.apache.coyote.http11.Http11Processor.service(Http11Processor.java:390)
	at org.apache.coyote.AbstractProcessorLight.process(AbstractProcessorLight.java:63)
	at org.apache.coyote.AbstractProtocol$ConnectionHandler.process(AbstractProtocol.java:926)
	at org.apache.tomcat.util.net.NioEndpoint$SocketProcessor.doRun(NioEndpoint.java:1791)
	at org.apache.tomcat.util.net.SocketProcessorBase.run(SocketProcessorBase.java:52)
	at org.apache.tomcat.util.threads.ThreadPoolExecutor.runWorker(ThreadPoolExecutor.java:1191)
	at org.apache.tomcat.util.threads.ThreadPoolExecutor$Worker.run(ThreadPoolExecutor.java:659)
	at org.apache.tomcat.util.threads.TaskThread$WrappingRunnable.run(TaskThread.java:61)
	at java.base/java.lang.Thread.run(Thread.java:833)
2023-06-14 17:14:34 [http-nio-8080-exec-3] DEBUG auth-log - Token is validated for user with login: popova.oleg
