2023-06-14 11:24:16 [http-nio-8080-exec-2] DEBUG service-log - Project was deleted successfully. Id: 4, name: вычисление квадратных уравнений
2023-06-14 11:30:50 [http-nio-8080-exec-4] DEBUG service-log - Project was deleted successfully. Id: 4, name: вычисление квадратных уравнений
2023-06-14 11:32:38 [http-nio-8080-exec-8] DEBUG service-log - Project was deleted successfully. Id: 4, name: вычисление квадратных уравнений
2023-06-14 11:34:52 [http-nio-8080-exec-5] DEBUG service-log - Project was deleted successfully. Id: 4, name: вычисление квадратных уравнений
2023-06-14 11:38:29 [http-nio-8080-exec-5] DEBUG service-log - Project was deleted successfully. Id: 4, name: вычисление квадратных уравнений
2023-06-14 11:46:43 [http-nio-8080-exec-5] DEBUG service-log - Project was deleted successfully. Id: 4, name: вычисление квадратных уравнений
2023-06-14 11:56:53 [http-nio-8080-exec-5] DEBUG service-log - Project was deleted successfully. Id: 4, name: вычисление квадратных уравнений
2023-06-14 12:12:34 [http-nio-8080-exec-1] DEBUG service-log - Project was deleted successfully. Id: 1, name: система управления проектами
2023-06-14 13:10:54 [http-nio-8080-exec-8] DEBUG service-log - Project was found successfully. Id: 1, name: система управления проектами
2023-06-14 13:20:58 [http-nio-8080-exec-10] DEBUG service-log - Project was found successfully. Id: 1, name: система управления проектами
2023-06-14 13:45:36 [http-nio-8080-exec-2] DEBUG service-log - List projects was found by filter successfully
2023-06-14 13:47:56 [http-nio-8080-exec-7] DEBUG service-log - List projects was found by filter successfully
2023-06-14 13:48:04 [http-nio-8080-exec-5] DEBUG service-log - List projects was found by filter successfully
2023-06-14 13:54:36 [http-nio-8080-exec-8] DEBUG service-log - List projects was found by filter successfully
2023-06-14 14:00:11 [http-nio-8080-exec-2] DEBUG service-log - Project was found successfully. Id: 1, name: система управления проектами
2023-06-14 14:00:25 [http-nio-8080-exec-4] DEBUG service-log - List projects was found by filter successfully
2023-06-14 14:03:39 [http-nio-8080-exec-5] DEBUG service-log - List projects was found by filter successfully
2023-06-14 14:04:20 [http-nio-8080-exec-6] DEBUG service-log - List projects was found by filter successfully
2023-06-14 14:04:35 [http-nio-8080-exec-10] DEBUG service-log - List projects was found by filter successfully
2023-06-14 14:04:38 [http-nio-8080-exec-8] DEBUG service-log - List projects was found by filter successfully
2023-06-14 14:04:44 [http-nio-8080-exec-9] DEBUG service-log - List projects was found by filter successfully
2023-06-14 14:05:40 [http-nio-8080-exec-1] DEBUG service-log - List projects was found by filter successfully
2023-06-14 14:05:52 [http-nio-8080-exec-2] DEBUG service-log - List projects was found by filter successfully
2023-06-14 14:06:15 [http-nio-8080-exec-7] DEBUG service-log - List projects was found by filter successfully
2023-06-14 14:07:07 [http-nio-8080-exec-5] DEBUG service-log - List projects was found by filter successfully
2023-06-14 14:08:09 [http-nio-8080-exec-8] DEBUG service-log - List projects was found by filter successfully
2023-06-14 14:10:33 [http-nio-8080-exec-2] DEBUG service-log - List projects was found by filter successfully
2023-06-14 14:11:13 [http-nio-8080-exec-3] DEBUG service-log - Project status was updated successfully. Id: 3, name: плагин для jira, status: черновик
2023-06-14 14:11:58 [http-nio-8080-exec-1] DEBUG service-log - Project status was updated successfully. Id: 3, name: плагин для jira, status: черновик
2023-06-14 14:16:43 [http-nio-8080-exec-3] DEBUG service-log - Project status was updated successfully. Id: 1, name: система управления проектами, status: черновик
2023-06-14 14:28:40 [http-nio-8080-exec-2] DEBUG service-log - Project status was updated successfully. Id: 1, name: система управления проектами, status: черновик
2023-06-14 14:41:05 [http-nio-8080-exec-1] DEBUG service-log - Project status was updated successfully. Id: 1, name: система управления проектами, status: черновик
2023-06-14 16:05:01 [http-nio-8080-exec-1] DEBUG service-log - Team was created successfully. Team id: 4
2023-06-14 16:28:53 [http-nio-8080-exec-9] DEBUG service-log - Team was deleted successfully. Team id: 4
2023-06-14 16:31:54 [http-nio-8080-exec-2] DEBUG service-log - Team was created successfully. Team id: 7
2023-06-14 16:32:22 [http-nio-8080-exec-3] DEBUG service-log - Team was found successfully. Team id: 7
2023-06-14 16:34:57 [http-nio-8080-exec-4] DEBUG service-log - Team was deleted successfully. Team id: 7
2023-06-14 16:35:02 [http-nio-8080-exec-5] DEBUG service-log - Team was created successfully. Team id: 9
2023-06-14 16:37:25 [http-nio-8080-exec-2] DEBUG service-log - Team was deleted successfully. Team id: 9
2023-06-14 16:37:30 [http-nio-8080-exec-3] DEBUG service-log - Team was created successfully. Team id: 10
2023-06-14 16:38:32 [http-nio-8080-exec-2] DEBUG service-log - Team was deleted successfully. Team id: 10
2023-06-14 16:38:35 [http-nio-8080-exec-3] DEBUG service-log - Team was created successfully. Team id: 11
2023-06-14 16:39:33 [http-nio-8080-exec-2] DEBUG service-log - Team was deleted successfully. Team id: 11
2023-06-14 16:39:35 [http-nio-8080-exec-3] DEBUG service-log - Team was created successfully. Team id: 12
2023-06-14 16:56:01 [http-nio-8080-exec-8] DEBUG service-log - Team was deleted successfully. Team id: 12
2023-06-14 16:56:10 [http-nio-8080-exec-10] DEBUG service-log - Team was created successfully. Team id: 1
2023-06-14 16:56:56 [http-nio-8080-exec-1] DEBUG service-log - Team was created successfully. Team id: 1
2023-06-14 16:56:59 [http-nio-8080-exec-2] DEBUG service-log - Team was created successfully. Team id: 1
2023-06-14 17:06:33 [http-nio-8080-exec-7] DEBUG service-log - Team was updated successfully. Team id: 1
2023-06-14 17:06:48 [http-nio-8080-exec-8] DEBUG service-log - Team was updated successfully. Team id: 1
2023-06-14 17:06:56 [http-nio-8080-exec-9] DEBUG service-log - Team was updated successfully. Team id: 1
2023-06-14 17:06:56 [http-nio-8080-exec-10] DEBUG service-log - Team was updated successfully. Team id: 1
2023-06-14 17:06:57 [http-nio-8080-exec-1] DEBUG service-log - Team was updated successfully. Team id: 1
2023-06-14 17:10:57 [http-nio-8080-exec-2] DEBUG service-log - Team was updated successfully. Team id: 3
2023-06-14 17:14:35 [http-nio-8080-exec-3] DEBUG service-log - Team was found successfully. Team id: 3
